2026-04-25 16:26:09 - Телефон: , Пароль: 
2026-04-25 16:28:41 - Телефон: 88005553535, Пароль: HellOOO123$
2026-04-25 18:46:03 - Телефон: , Пароль: 
2026-04-25 18:46:04 - Телефон: , Пароль: 
2026-04-25 18:46:07 - Телефон: , Пароль: 
2026-04-25 18:46:08 - Телефон: , Пароль: 
2026-04-25 18:46:58 - Телефон: , Пароль: 
2026-04-25 18:46:59 - Телефон: , Пароль: 
2026-04-25 18:47:21 - Телефон: , Пароль: 
2026-04-25 19:24:15 - Телефон: , Пароль: 
2026-04-25 19:24:47 - Телефон: , Пароль: 
2026-04-25 19:25:23 - Телефон: 88005553535, Пароль: 
2026-04-25 19:25:42 - Телефон: 88005553535, Пароль: HellOOO123$
2026-04-25 21:52:49 - Телефон: 88005553535, Пароль: HellOOO123$
2026-05-07 05:38:51 - Попытка входа для телефона: 88005553535
2026-05-07 05:43:12 - Попытка входа для телефона: 88005553535
2026-05-07 05:45:08 - Попытка входа для телефона: 88005553535
2026-05-07 05:45:49 - Попытка входа для телефона: 88005553535
2026-05-07 05:45:49 - Пользователь НАЙДЕН: ID=0, Имя=Иван Иванов, Телефон=88005553535
2026-05-07 05:45:49 - НЕВЕРНЫЙ пароль для пользователя ID=0
2026-05-07 05:46:22 - Попытка входа для телефона: 88005553535
2026-05-07 05:46:22 - Пользователь НАЙДЕН: ID=0, Имя=Иван Иванов, Телефон=88005553535
2026-05-07 05:46:22 - НЕВЕРНЫЙ пароль для пользователя ID=0
2026-05-07 05:48:01 - Попытка входа для телефона: 88005553535
2026-05-07 05:48:01 - Пользователь НАЙДЕН: ID=0, Имя=Иван Иванов, Телефон=88005553535
2026-05-07 05:48:01 - НЕВЕРНЫЙ пароль для пользователя ID=0
 HellOOO213$$$2026-05-07 05:49:26 - Попытка входа для телефона: 88005553535
2026-05-07 05:49:26 - Пользователь НАЙДЕН: ID=0, Имя=Иван Иванов, Телефон=88005553535
2026-05-07 05:49:26 - НЕВЕРНЫЙ пароль для пользователя ID=0
 HellOOO123$$$2026-05-07 05:50:22 - Попытка входа для телефона: 88005553535
2026-05-07 05:50:22 - Пользователь НАЙДЕН: ID=0, Имя=Иван Иванов, Телефон=88005553535
2026-05-07 05:50:22 - НЕВЕРНЫЙ пароль для пользователя ID=0
 HellOOO123$$$ HellOOO123$$$2026-05-07 05:52:13 - Попытка входа для телефона: 88005553535
2026-05-07 05:52:13 - Пользователь НАЙДЕН: ID=0, Имя=Иван Иванов, Телефон=88005553535
2026-05-07 05:52:13 - НЕВЕРНЫЙ пароль для пользователя ID=0
  HellOOO123$$$2026-05-07 05:53:18 - Попытка входа для телефона: 88005553535
2026-05-07 05:53:18 - Пользователь НАЙДЕН: ID=0, Имя=Иван Иванов, Телефон=88005553535
2026-05-07 05:53:18 - НЕВЕРНЫЙ пароль для пользователя ID=0 HellOOO123$$$ HellOOO123$$$2026-05-07 05:54:46 - Попытка входа для телефона: 88005553535
2026-05-07 05:54:46 - Пользователь НАЙДЕН: ID=0, Имя=Иван Иванов, Телефон=88005553535
2026-05-07 05:54:46 - УСПЕШНЫЙ вход для Иван Иванов
88005553535ИвановИвановичHellOOO123$$$ekbИван88005553535ИвановИвановичHellOOO123$$$HellOOO123$$$ekbИван88005553535ИвановИвановичHellOOO123$$$HellOOO123$$$ekbИван88005553535ИвановИвановичHellOOO123$$$HellOOO123$$$ekbИван88005553535ИвановИвановичHellOOO123$$$HellOOO123$$$ekbИван2026-05-07 11:48:54 - Попытка входа для телефона: 88005553535
2026-05-07 11:48:54 - Пользователь НАЙДЕН: ID=4, Имя=Иван Иванов, Телефон=88005553535
2026-05-07 11:48:54 - УСПЕШНЫЙ вход для Иван Иванов
2026-05-07 12:52:52 - Попытка входа для телефона: 88005553535
2026-05-07 12:52:52 - Пользователь НАЙДЕН: ID=4, Имя=Иван Иванов, Телефон=88005553535
2026-05-07 12:52:52 - УСПЕШНЫЙ вход для Иван Иванов
2026-05-07 20:57:42 - Попытка входа для телефона: 88005553535
2026-05-07 20:57:42 - Пользователь НАЙДЕН: ID=4, Имя=Иван Иванов, Телефон=88005553535
2026-05-07 20:57:42 - УСПЕШНЫЙ вход для Иван Иванов
2026-05-12 14:54:52 - Попытка входа для телефона: 88005553535
2026-05-12 14:54:52 - Пользователь НАЙДЕН: ID=4, Имя=Иван Иванов, Телефон=88005553535
2026-05-12 14:54:52 - УСПЕШНЫЙ вход для Иван Иванов
2026-05-12 15:23:11 - Попытка входа для телефона: 88005553535
2026-05-12 15:23:11 - Пользователь НАЙДЕН: ID=4, Имя=Иван Иванов, Телефон=88005553535
2026-05-12 15:23:11 - УСПЕШНЫЙ вход для Иван Иванов
